Using pre-set license
Built from '2020.3/staging' branch; Version is '2020.3.9f1 (108be757e447) revision 1084391'; Using compiler version '192528614'; Build Type 'Release'
OS: 'Windows 10 Home Single Language; OS build 19042.1348; Version 2009; 64bit' Language: 'en' Physical Memory: 16230 MB
BatchMode: 1, IsHumanControllingUs: 0, StartBugReporterOnCrash: 0, Is64bit: 1, IsPro: 0

 COMMAND LINE ARGUMENTS:
E:\AMDT MOBILE GAME DEVELOPMENT\2020.3.9f1\Editor\Unity.exe
-adb2
-batchMode
-noUpm
-name
AssetImportWorker0
-projectPath
E:/AMDT MOBILE GAME DEVELOPMENT/crunchy pixel
-logFile
Logs/AssetImportWorker0.log
-srvPort
61053
Successfully changed project path to: E:/AMDT MOBILE GAME DEVELOPMENT/crunchy pixel
E:/AMDT MOBILE GAME DEVELOPMENT/crunchy pixel
Using Asset Import Pipeline V2.
Refreshing native plugins compatible for Editor in 40.94 ms, found 1 plugins.
Preloading 0 native plugins for Editor in 0.00 ms.
Initialize engine version: 2020.3.9f1 (108be757e447)
[Subsystems] Discovering subsystems at path E:/AMDT MOBILE GAME DEVELOPMENT/2020.3.9f1/Editor/Data/Resources/UnitySubsystems
[Subsystems] Discovering subsystems at path E:/AMDT MOBILE GAME DEVELOPMENT/crunchy pixel/Assets
GfxDevice: creating device client; threaded=0
Direct3D:
    Version:  Direct3D 11.0 [level 11.1]
    Renderer: NVIDIA GeForce GTX 1050 Ti (ID=0x1c8f)
    Vendor:   
    VRAM:     4021 MB
    Driver:   30.0.14.9676
Initialize mono
Mono path[0] = 'E:/AMDT MOBILE GAME DEVELOPMENT/2020.3.9f1/Editor/Data/Managed'
Mono path[1] = 'E:/AMDT MOBILE GAME DEVELOPMENT/2020.3.9f1/Editor/Data/MonoBleedingEdge/lib/mono/unityjit'
Mono config path = 'E:/AMDT MOBILE GAME DEVELOPMENT/2020.3.9f1/Editor/Data/MonoBleedingEdge/etc'
Using monoOptions --debugger-agent=transport=dt_socket,embedding=1,server=y,suspend=n,address=127.0.0.1:56248
Begin MonoManager ReloadAssembly
Registering precompiled unity dll's ...
Register platform support module: E:/AMDT MOBILE GAME DEVELOPMENT/2020.3.9f1/Editor/Data/PlaybackEngines/WindowsStandaloneSupport/UnityEditor.WindowsStandalone.Extensions.dll
Registered in 0.001030 seconds.
Native extension for WindowsStandalone target not found
Refreshing native plugins compatible for Editor in 44.07 ms, found 1 plugins.
Preloading 0 native plugins for Editor in 0.00 ms.
Mono: successfully reloaded assembly
- Completed reload, in  1.508 seconds
Platform modules already initialized, skipping
Registering precompiled user dll's ...
Registered in 0.002228 seconds.
Begin MonoManager ReloadAssembly
Native extension for WindowsStandalone target not found
Refreshing native plugins compatible for Editor in 45.49 ms, found 1 plugins.
Preloading 0 native plugins for Editor in 0.00 ms.
Mono: successfully reloaded assembly
- Completed reload, in  1.123 seconds
Platform modules already initialized, skipping
========================================================================
Worker process is ready to serve import requests
Launched and connected shader compiler UnityShaderCompiler.exe after 0.04 seconds
Refreshing native plugins compatible for Editor in 0.42 ms, found 1 plugins.
Preloading 0 native plugins for Editor in 0.00 ms.
Unloading 1815 Unused Serialized files (Serialized files now loaded: 0)
System memory in use before: 85.3 MB.
System memory in use after: 85.2 MB.

Unloading 24 unused Assets to reduce memory usage. Loaded Objects now: 2257.
Total: 2.252900 ms (FindLiveObjects: 0.193400 ms CreateObjectMapping: 0.057200 ms MarkObjects: 1.879700 ms  DeleteObjects: 0.121400 ms)

========================================================================
Received Import Request.
  path: Assets/Pixel Font - Tripfive/Sample Textmesh.prefab
  artifactKey: Guid(92d60a2e17d9a4bb8bd3801b14fc2926) Importer(815301076,1909f56bfc062723c751e8b465ee728b)
Start importing Assets/Pixel Font - Tripfive/Sample Textmesh.prefab using Guid(92d60a2e17d9a4bb8bd3801b14fc2926) Importer(815301076,1909f56bfc062723c751e8b465ee728b)  -> (artifact id: '2c75bcc7ed04924ccc1a9c339b72db14') in 0.087899 seconds
  Import took 0.357842 seconds .

========================================================================
Received Import Request.
  Time since last request: 0.000241 seconds.
  path: Assets/Pixel Font - Tripfive/_README.txt
  artifactKey: Guid(d6c1545eeaccd4df49042a0f57ac774c) Importer(815301076,1909f56bfc062723c751e8b465ee728b)
Start importing Assets/Pixel Font - Tripfive/_README.txt using Guid(d6c1545eeaccd4df49042a0f57ac774c) Importer(815301076,1909f56bfc062723c751e8b465ee728b)  -> (artifact id: '54a75fa7f6d076ffeb95e9f14f3c6d2a') in 0.012226 seconds
  Import took 0.015647 seconds .

========================================================================
Received Import Request.
  Time since last request: 15.853478 seconds.
  path: Assets/Pixel Font - Tripfive/Textures & Materials
  artifactKey: Guid(9408d24ccd4c0a04e837856bfca88a86) Importer(815301076,1909f56bfc062723c751e8b465ee728b)
Start importing Assets/Pixel Font - Tripfive/Textures & Materials using Guid(9408d24ccd4c0a04e837856bfca88a86) Importer(815301076,1909f56bfc062723c751e8b465ee728b)  -> (artifact id: '31554a806e0d9db7b9ca9d5d74f5dda8') in 0.014281 seconds
  Import took 0.021046 seconds .

========================================================================
Received Import Request.
  Time since last request: 0.253132 seconds.
  path: Assets/Pixel Font - Tripfive/Fonts
  artifactKey: Guid(7a9e2b9a8d7c549d3a46ef8f66cf8c10) Importer(815301076,1909f56bfc062723c751e8b465ee728b)
Start importing Assets/Pixel Font - Tripfive/Fonts using Guid(7a9e2b9a8d7c549d3a46ef8f66cf8c10) Importer(815301076,1909f56bfc062723c751e8b465ee728b)  -> (artifact id: 'f3bb240880f349cb6257be59511e3693') in 0.026888 seconds
  Import took 0.081847 seconds .

========================================================================
Received Import Request.
  Time since last request: 0.000389 seconds.
  path: Assets/Pixel Font - Tripfive/Fonts/Tripfive-HS.fontsettings
  artifactKey: Guid(9ebb6ca5ee4094addac513cf8528f1e1) Importer(815301076,1909f56bfc062723c751e8b465ee728b)
Start importing Assets/Pixel Font - Tripfive/Fonts/Tripfive-HS.fontsettings using Guid(9ebb6ca5ee4094addac513cf8528f1e1) Importer(815301076,1909f56bfc062723c751e8b465ee728b)  -> (artifact id: 'e0695c1bdefd96646113868be2602a9c') in 0.021045 seconds
  Import took 0.029026 seconds .

========================================================================
Received Import Request.
  Time since last request: 0.016463 seconds.
  path: Assets/Pixel Font - Tripfive/Fonts/Tripfive.fontsettings
  artifactKey: Guid(29821db8324231f4481e730bf6288b9c) Importer(815301076,1909f56bfc062723c751e8b465ee728b)
Start importing Assets/Pixel Font - Tripfive/Fonts/Tripfive.fontsettings using Guid(29821db8324231f4481e730bf6288b9c) Importer(815301076,1909f56bfc062723c751e8b465ee728b)  -> (artifact id: '371882b46cbdc7a44c368ed490418a4a') in 0.053835 seconds
  Import took 0.088229 seconds .

========================================================================
Received Import Request.
  Time since last request: 0.000460 seconds.
  path: Assets/Pixel Font - Tripfive/Fonts/Tripfive-OL.fontsettings
  artifactKey: Guid(bb2dffc07ad704a28aa9186221cc902e) Importer(815301076,1909f56bfc062723c751e8b465ee728b)
Start importing Assets/Pixel Font - Tripfive/Fonts/Tripfive-OL.fontsettings using Guid(bb2dffc07ad704a28aa9186221cc902e) Importer(815301076,1909f56bfc062723c751e8b465ee728b)  -> (artifact id: '9e05f60df5e30cb95a716406b9cdf015') in 0.024868 seconds
  Import took 0.034142 seconds .

========================================================================
Received Import Request.
  Time since last request: 0.000220 seconds.
  path: Assets/Pixel Font - Tripfive/Fonts/Tripfive-EX.fontsettings
  artifactKey: Guid(1c10051538e484e849e45b324b9b334b) Importer(815301076,1909f56bfc062723c751e8b465ee728b)
Start importing Assets/Pixel Font - Tripfive/Fonts/Tripfive-EX.fontsettings using Guid(1c10051538e484e849e45b324b9b334b) Importer(815301076,1909f56bfc062723c751e8b465ee728b)  -> (artifact id: '0b9c356c3e4b280a6304072e7ff5f0aa') in 0.012301 seconds
  Import took 0.034731 seconds .

========================================================================
Received Import Request.
  Time since last request: 73.757889 seconds.
  path: Assets/Pixel Font - Tripfive/Textures & Materials/Tripfive-EX.mat
  artifactKey: Guid(df856cdb9110140419b5d535c1a57636) Importer(815301076,1909f56bfc062723c751e8b465ee728b)
Start importing Assets/Pixel Font - Tripfive/Textures & Materials/Tripfive-EX.mat using Guid(df856cdb9110140419b5d535c1a57636) Importer(815301076,1909f56bfc062723c751e8b465ee728b)  -> (artifact id: 'c049efdfffffc440b2d99487375c39de') in 0.094274 seconds
  Import took 0.097156 seconds .

========================================================================
Received Import Request.
  Time since last request: 0.000298 seconds.
  path: Assets/Pixel Font - Tripfive/Textures & Materials/Tripfive-OL.png
  artifactKey: Guid(7f4dc74417f0147a5804b21c72feb54c) Importer(815301076,1909f56bfc062723c751e8b465ee728b)
Start importing Assets/Pixel Font - Tripfive/Textures & Materials/Tripfive-OL.png using Guid(7f4dc74417f0147a5804b21c72feb54c) Importer(815301076,1909f56bfc062723c751e8b465ee728b)  -> (artifact id: '954dc441bfa62aaa5925162dad568c82') in 0.060645 seconds
  Import took 0.063587 seconds .

========================================================================
Received Import Request.
  Time since last request: 0.000314 seconds.
  path: Assets/Pixel Font - Tripfive/Textures & Materials/Tripfive-EX.png
  artifactKey: Guid(c7fc78e82ec0e4f8d94421658d7e9d69) Importer(815301076,1909f56bfc062723c751e8b465ee728b)
Start importing Assets/Pixel Font - Tripfive/Textures & Materials/Tripfive-EX.png using Guid(c7fc78e82ec0e4f8d94421658d7e9d69) Importer(815301076,1909f56bfc062723c751e8b465ee728b)  -> (artifact id: '1df758af9f2d794ad087439bb30921ac') in 0.011499 seconds
  Import took 0.014914 seconds .

========================================================================
Received Import Request.
  Time since last request: 0.000332 seconds.
  path: Assets/Pixel Font - Tripfive/Textures & Materials/Tripfive-OL.mat
  artifactKey: Guid(944e0f2f3fa144416ac5be1a8e188dbc) Importer(815301076,1909f56bfc062723c751e8b465ee728b)
Start importing Assets/Pixel Font - Tripfive/Textures & Materials/Tripfive-OL.mat using Guid(944e0f2f3fa144416ac5be1a8e188dbc) Importer(815301076,1909f56bfc062723c751e8b465ee728b)  -> (artifact id: 'dd583d47c758d1c4970c9ed11fe085e3') in 0.011105 seconds
  Import took 0.014764 seconds .

========================================================================
Received Import Request.
  Time since last request: 0.000292 seconds.
  path: Assets/Pixel Font - Tripfive/Textures & Materials/Tripfive-HS.mat
  artifactKey: Guid(a8a2064660ecc42fab77221fa24060bd) Importer(815301076,1909f56bfc062723c751e8b465ee728b)
Start importing Assets/Pixel Font - Tripfive/Textures & Materials/Tripfive-HS.mat using Guid(a8a2064660ecc42fab77221fa24060bd) Importer(815301076,1909f56bfc062723c751e8b465ee728b)  -> (artifact id: '4ccd287e18ff2ed9b1209b1bd58959ab') in 0.011683 seconds
  Import took 0.015132 seconds .

========================================================================
Received Import Request.
  Time since last request: 0.000318 seconds.
  path: Assets/Pixel Font - Tripfive/Textures & Materials/Tripfive.mat
  artifactKey: Guid(c81f8d7093fca4469b1d13a985e9ae72) Importer(815301076,1909f56bfc062723c751e8b465ee728b)
Start importing Assets/Pixel Font - Tripfive/Textures & Materials/Tripfive.mat using Guid(c81f8d7093fca4469b1d13a985e9ae72) Importer(815301076,1909f56bfc062723c751e8b465ee728b)  -> (artifact id: 'e487ef61cdb482e27affc150b9e3735a') in 0.013372 seconds
  Import took 0.016122 seconds .

========================================================================
Received Import Request.
  Time since last request: 0.000292 seconds.
  path: Assets/Pixel Font - Tripfive/Textures & Materials/Tripfive.png
  artifactKey: Guid(39422f6e3935840dcad79a6988ba0993) Importer(815301076,1909f56bfc062723c751e8b465ee728b)
Start importing Assets/Pixel Font - Tripfive/Textures & Materials/Tripfive.png using Guid(39422f6e3935840dcad79a6988ba0993) Importer(815301076,1909f56bfc062723c751e8b465ee728b)  -> (artifact id: 'a4e0edebff71615615f8529204d49447') in 0.015993 seconds
  Import took 0.019008 seconds .

========================================================================
Received Import Request.
  Time since last request: 0.000253 seconds.
  path: Assets/Pixel Font - Tripfive/Textures & Materials/Tripfive-HS.png
  artifactKey: Guid(17eb1212ce5bf4e72bb6768c2efedaca) Importer(815301076,1909f56bfc062723c751e8b465ee728b)
Start importing Assets/Pixel Font - Tripfive/Textures & Materials/Tripfive-HS.png using Guid(17eb1212ce5bf4e72bb6768c2efedaca) Importer(815301076,1909f56bfc062723c751e8b465ee728b)  -> (artifact id: '08e106a2492bffa838d4e814ba28ba12') in 0.009931 seconds
  Import took 0.013141 seconds .

========================================================================
Received Import Request.
  Time since last request: 28.860057 seconds.
  path: Assets/Pixel Font - Tripfive/Textures & Materials/Tripfive.png
  artifactKey: Guid(39422f6e3935840dcad79a6988ba0993) Importer(815301076,1909f56bfc062723c751e8b465ee728b)
Start importing Assets/Pixel Font - Tripfive/Textures & Materials/Tripfive.png using Guid(39422f6e3935840dcad79a6988ba0993) Importer(815301076,1909f56bfc062723c751e8b465ee728b)  -> (artifact id: '7357eca4afa3abcc6f10b8a6c9879fdb') in 0.006934 seconds
  Import took 0.010505 seconds .

========================================================================
Received Prepare
Registering precompiled user dll's ...
Registered in 0.001293 seconds.
Begin MonoManager ReloadAssembly
Native extension for WindowsStandalone target not found
Refreshing native plugins compatible for Editor in 0.69 ms, found 1 plugins.
Preloading 0 native plugins for Editor in 0.00 ms.
Mono: successfully reloaded assembly
- Completed reload, in  0.945 seconds
Platform modules already initialized, skipping
Switching build target platform(19) subTarget(0) extendedPlatform(0) -> platform(13) subTarget(537395200) extendedPlatform(0)
Refreshing native plugins compatible for Editor in 0.39 ms, found 1 plugins.
Preloading 0 native plugins for Editor in 0.00 ms.
Unloading 1813 Unused Serialized files (Serialized files now loaded: 0)
System memory in use before: 88.6 MB.
System memory in use after: 88.5 MB.

Unloading 12 unused Assets to reduce memory usage. Loaded Objects now: 2304.
Total: 5.679200 ms (FindLiveObjects: 0.319700 ms CreateObjectMapping: 0.266200 ms MarkObjects: 4.884000 ms  DeleteObjects: 0.207800 ms)

AssetImportParameters requested are different than current active one (requested -> active):
  custom:graphics/normal-map-encoding: 01000000000000000000000000000000 -> 02000000000000000000000000000000
========================================================================
Received Import Request.
  Time since last request: 221.155404 seconds.
  path: Assets/Scripts/Timer.cs
  artifactKey: Guid(93bb2141ace449c4db2c3aaa807f1aa4) Importer(815301076,1909f56bfc062723c751e8b465ee728b)
Start importing Assets/Scripts/Timer.cs using Guid(93bb2141ace449c4db2c3aaa807f1aa4) Importer(815301076,1909f56bfc062723c751e8b465ee728b)  -> (artifact id: '6231494e36b04ffd8169241a82d10d15') in 0.086750 seconds
  Import took 0.089609 seconds .

========================================================================
Received Prepare
Registering precompiled user dll's ...
Registered in 0.000919 seconds.
Begin MonoManager ReloadAssembly
Native extension for WindowsStandalone target not found
Refreshing native plugins compatible for Editor in 0.46 ms, found 1 plugins.
Preloading 0 native plugins for Editor in 0.00 ms.
Mono: successfully reloaded assembly
- Completed reload, in  0.884 seconds
Platform modules already initialized, skipping
Switching build target platform(19) subTarget(0) extendedPlatform(0) -> platform(13) subTarget(537395200) extendedPlatform(0)
Refreshing native plugins compatible for Editor in 0.40 ms, found 1 plugins.
Preloading 0 native plugins for Editor in 0.00 ms.
Unloading 1814 Unused Serialized files (Serialized files now loaded: 0)
System memory in use before: 88.6 MB.
System memory in use after: 88.6 MB.

Unloading 12 unused Assets to reduce memory usage. Loaded Objects now: 2309.
Total: 2.379000 ms (FindLiveObjects: 0.288800 ms CreateObjectMapping: 0.071700 ms MarkObjects: 1.919200 ms  DeleteObjects: 0.098400 ms)

AssetImportParameters requested are different than current active one (requested -> active):
  custom:graphics/normal-map-encoding: 01000000000000000000000000000000 -> 02000000000000000000000000000000
========================================================================
Received Prepare
Registering precompiled user dll's ...
Registered in 0.000805 seconds.
Begin MonoManager ReloadAssembly
Native extension for WindowsStandalone target not found
Refreshing native plugins compatible for Editor in 0.41 ms, found 1 plugins.
Preloading 0 native plugins for Editor in 0.00 ms.
Mono: successfully reloaded assembly
- Completed reload, in  0.878 seconds
Platform modules already initialized, skipping
Switching build target platform(19) subTarget(0) extendedPlatform(0) -> platform(13) subTarget(537395200) extendedPlatform(0)
Refreshing native plugins compatible for Editor in 0.72 ms, found 1 plugins.
Preloading 0 native plugins for Editor in 0.00 ms.
Unloading 1814 Unused Serialized files (Serialized files now loaded: 0)
System memory in use before: 88.7 MB.
System memory in use after: 88.6 MB.

Unloading 12 unused Assets to reduce memory usage. Loaded Objects now: 2313.
Total: 2.108300 ms (FindLiveObjects: 0.181500 ms CreateObjectMapping: 0.071400 ms MarkObjects: 1.754400 ms  DeleteObjects: 0.100300 ms)

AssetImportParameters requested are different than current active one (requested -> active):
  custom:graphics/normal-map-encoding: 01000000000000000000000000000000 -> 02000000000000000000000000000000
========================================================================
Received Import Request.
  Time since last request: 180.692257 seconds.
  path: Assets/Scripts/Timer.cs
  artifactKey: Guid(93bb2141ace449c4db2c3aaa807f1aa4) Importer(815301076,1909f56bfc062723c751e8b465ee728b)
Start importing Assets/Scripts/Timer.cs using Guid(93bb2141ace449c4db2c3aaa807f1aa4) Importer(815301076,1909f56bfc062723c751e8b465ee728b)  -> (artifact id: '7c8024a076a8dc54d9fcecd55141893f') in 0.007764 seconds
  Import took 0.010448 seconds .

========================================================================
Received Prepare
Registering precompiled user dll's ...
Registered in 0.000985 seconds.
Begin MonoManager ReloadAssembly
Native extension for WindowsStandalone target not found
Refreshing native plugins compatible for Editor in 0.40 ms, found 1 plugins.
Preloading 0 native plugins for Editor in 0.00 ms.
Mono: successfully reloaded assembly
- Completed reload, in  0.780 seconds
Platform modules already initialized, skipping
Switching build target platform(19) subTarget(0) extendedPlatform(0) -> platform(13) subTarget(537395200) extendedPlatform(0)
Refreshing native plugins compatible for Editor in 0.38 ms, found 1 plugins.
Preloading 0 native plugins for Editor in 0.00 ms.
Unloading 1814 Unused Serialized files (Serialized files now loaded: 0)
System memory in use before: 88.7 MB.
System memory in use after: 88.7 MB.

Unloading 12 unused Assets to reduce memory usage. Loaded Objects now: 2317.
Total: 2.747400 ms (FindLiveObjects: 0.240200 ms CreateObjectMapping: 0.066000 ms MarkObjects: 2.335000 ms  DeleteObjects: 0.105300 ms)

AssetImportParameters requested are different than current active one (requested -> active):
  custom:graphics/normal-map-encoding: 01000000000000000000000000000000 -> 02000000000000000000000000000000
========================================================================
Received Prepare
Registering precompiled user dll's ...
Registered in 0.000823 seconds.
Begin MonoManager ReloadAssembly
Native extension for WindowsStandalone target not found
Refreshing native plugins compatible for Editor in 0.42 ms, found 1 plugins.
Preloading 0 native plugins for Editor in 0.00 ms.
Mono: successfully reloaded assembly
- Completed reload, in  0.813 seconds
Platform modules already initialized, skipping
Switching build target platform(19) subTarget(0) extendedPlatform(0) -> platform(13) subTarget(537395200) extendedPlatform(0)
Refreshing native plugins compatible for Editor in 0.58 ms, found 1 plugins.
Preloading 0 native plugins for Editor in 0.00 ms.
Unloading 1814 Unused Serialized files (Serialized files now loaded: 0)
System memory in use before: 88.7 MB.
System memory in use after: 88.7 MB.

Unloading 12 unused Assets to reduce memory usage. Loaded Objects now: 2321.
Total: 2.174000 ms (FindLiveObjects: 0.190300 ms CreateObjectMapping: 0.061500 ms MarkObjects: 1.812600 ms  DeleteObjects: 0.108700 ms)

AssetImportParameters requested are different than current active one (requested -> active):
  custom:graphics/normal-map-encoding: 01000000000000000000000000000000 -> 02000000000000000000000000000000
========================================================================
Received Prepare
Registering precompiled user dll's ...
Registered in 0.001158 seconds.
Begin MonoManager ReloadAssembly
Native extension for WindowsStandalone target not found
Refreshing native plugins compatible for Editor in 0.51 ms, found 1 plugins.
Preloading 0 native plugins for Editor in 0.00 ms.
Mono: successfully reloaded assembly
- Completed reload, in  1.123 seconds
Platform modules already initialized, skipping
Switching build target platform(19) subTarget(0) extendedPlatform(0) -> platform(13) subTarget(537395200) extendedPlatform(0)
Refreshing native plugins compatible for Editor in 0.57 ms, found 1 plugins.
Preloading 0 native plugins for Editor in 0.00 ms.
Unloading 1814 Unused Serialized files (Serialized files now loaded: 0)
System memory in use before: 88.7 MB.
System memory in use after: 88.7 MB.

Unloading 12 unused Assets to reduce memory usage. Loaded Objects now: 2325.
Total: 3.155500 ms (FindLiveObjects: 0.360900 ms CreateObjectMapping: 0.143400 ms MarkObjects: 2.525100 ms  DeleteObjects: 0.124600 ms)

AssetImportParameters requested are different than current active one (requested -> active):
  custom:graphics/normal-map-encoding: 01000000000000000000000000000000 -> 02000000000000000000000000000000
========================================================================
Received Import Request.
  Time since last request: 2393.759383 seconds.
  path: Assets/Scripts/PlayerLife.cs
  artifactKey: Guid(a40612536972c3a45908cf86a4dd433a) Importer(815301076,1909f56bfc062723c751e8b465ee728b)
Start importing Assets/Scripts/PlayerLife.cs using Guid(a40612536972c3a45908cf86a4dd433a) Importer(815301076,1909f56bfc062723c751e8b465ee728b)  -> (artifact id: '9e24c9b052f8cc82b74b682d3722b316') in 0.019654 seconds
  Import took 0.026008 seconds .

